[Mon Nov 20 22:17:51.222190 2023] [ssl:warn] [pid 12724:tid 444] AH01909: www.example.com:443:0 server certificate does NOT include an ID which matches the server name
[Mon Nov 20 22:17:51.299944 2023] [ssl:warn] [pid 12724:tid 444] AH01909: www.example.com:443:0 server certificate does NOT include an ID which matches the server name
[Mon Nov 20 22:17:51.364133 2023] [mpm_winnt:notice] [pid 12724:tid 444] AH00455: Apache/2.4.56 (Win64) OpenSSL/1.1.1t PHP/8.1.17 configured -- resuming normal operations
[Mon Nov 20 22:17:51.364133 2023] [mpm_winnt:notice] [pid 12724:tid 444] AH00456: Apache Lounge VS16 Server built: Mar  7 2023 13:21:03
[Mon Nov 20 22:17:51.364133 2023] [core:notice] [pid 12724:tid 444] AH00094: Command line: 'c:\\users\\poweruser\\documents\\github\\nchu-database-project\\xampp\\apache\\bin\\httpd.exe -d C:/Users/PowerUser/Documents/GitHub/NCHU-database-project/xampp/apache'
[Mon Nov 20 22:17:51.371113 2023] [mpm_winnt:notice] [pid 12724:tid 444] AH00418: Parent: Created child process 12164
[Mon Nov 20 22:17:52.112643 2023] [ssl:warn] [pid 12164:tid 436] AH01909: www.example.com:443:0 server certificate does NOT include an ID which matches the server name
[Mon Nov 20 22:17:52.183452 2023] [ssl:warn] [pid 12164:tid 436] AH01909: www.example.com:443:0 server certificate does NOT include an ID which matches the server name
[Mon Nov 20 22:17:52.243293 2023] [mpm_winnt:notice] [pid 12164:tid 436] AH00354: Child: Starting 150 worker threads.
[Tue Nov 21 17:56:13.974146 2023] [ssl:warn] [pid 16972:tid 340] AH01909: www.example.com:443:0 server certificate does NOT include an ID which matches the server name
[Tue Nov 21 17:56:14.074341 2023] [core:warn] [pid 16972:tid 340] AH00098: pid file D:/github_repository/NCHU-database-project/xampp/apache/logs/httpd.pid overwritten -- Unclean shutdown of previous Apache run?
[Tue Nov 21 17:56:14.074341 2023] [ssl:warn] [pid 16972:tid 340] AH01909: www.example.com:443:0 server certificate does NOT include an ID which matches the server name
[Tue Nov 21 17:56:14.705980 2023] [mpm_winnt:notice] [pid 16972:tid 340] AH00455: Apache/2.4.56 (Win64) OpenSSL/1.1.1t PHP/8.1.17 configured -- resuming normal operations
[Tue Nov 21 17:56:14.705980 2023] [mpm_winnt:notice] [pid 16972:tid 340] AH00456: Apache Lounge VS16 Server built: Mar  7 2023 13:21:03
[Tue Nov 21 17:56:14.705980 2023] [core:notice] [pid 16972:tid 340] AH00094: Command line: 'd:\\github_repository\\nchu-database-project\\xampp\\apache\\bin\\httpd.exe -d D:/github_repository/NCHU-database-project/xampp/apache'
[Tue Nov 21 17:56:14.714146 2023] [mpm_winnt:notice] [pid 16972:tid 340] AH00418: Parent: Created child process 16620
[Tue Nov 21 17:56:15.384070 2023] [ssl:warn] [pid 16620:tid 352] AH01909: www.example.com:443:0 server certificate does NOT include an ID which matches the server name
[Tue Nov 21 17:56:15.434426 2023] [ssl:warn] [pid 16620:tid 352] AH01909: www.example.com:443:0 server certificate does NOT include an ID which matches the server name
[Tue Nov 21 17:56:15.483983 2023] [mpm_winnt:notice] [pid 16620:tid 352] AH00354: Child: Starting 150 worker threads.
<<<<<<< Updated upstream
[Wed Nov 22 02:00:23.395218 2023] [ssl:warn] [pid 14136:tid 416] AH01909: www.example.com:443:0 server certificate does NOT include an ID which matches the server name
[Wed Nov 22 02:00:23.451432 2023] [ssl:warn] [pid 14136:tid 416] AH01909: www.example.com:443:0 server certificate does NOT include an ID which matches the server name
[Wed Nov 22 02:00:23.745701 2023] [mpm_winnt:notice] [pid 14136:tid 416] AH00455: Apache/2.4.56 (Win64) OpenSSL/1.1.1t PHP/8.1.17 configured -- resuming normal operations
[Wed Nov 22 02:00:23.745701 2023] [mpm_winnt:notice] [pid 14136:tid 416] AH00456: Apache Lounge VS16 Server built: Mar  7 2023 13:21:03
[Wed Nov 22 02:00:23.745701 2023] [core:notice] [pid 14136:tid 416] AH00094: Command line: 'c:\\users\\poweruser\\documents\\github\\nchu-database-project\\xampp\\apache\\bin\\httpd.exe -d C:/Users/PowerUser/Documents/GitHub/NCHU-database-project/xampp/apache'
[Wed Nov 22 02:00:23.749719 2023] [mpm_winnt:notice] [pid 14136:tid 416] AH00418: Parent: Created child process 11876
[Wed Nov 22 02:00:24.154489 2023] [ssl:warn] [pid 11876:tid 404] AH01909: www.example.com:443:0 server certificate does NOT include an ID which matches the server name
[Wed Nov 22 02:00:24.203359 2023] [ssl:warn] [pid 11876:tid 404] AH01909: www.example.com:443:0 server certificate does NOT include an ID which matches the server name
[Wed Nov 22 02:00:24.246933 2023] [mpm_winnt:notice] [pid 11876:tid 404] AH00354: Child: Starting 150 worker threads.
[Wed Nov 22 02:09:44.540870 2023] [ssl:warn] [pid 6812:tid 400] AH01909: www.example.com:443:0 server certificate does NOT include an ID which matches the server name
[Wed Nov 22 02:09:44.593687 2023] [core:warn] [pid 6812:tid 400] AH00098: pid file C:/Users/PowerUser/Documents/GitHub/NCHU-database-project/xampp/apache/logs/httpd.pid overwritten -- Unclean shutdown of previous Apache run?
[Wed Nov 22 02:09:44.596679 2023] [ssl:warn] [pid 6812:tid 400] AH01909: www.example.com:443:0 server certificate does NOT include an ID which matches the server name
[Wed Nov 22 02:09:44.640231 2023] [mpm_winnt:notice] [pid 6812:tid 400] AH00455: Apache/2.4.56 (Win64) OpenSSL/1.1.1t PHP/8.1.17 configured -- resuming normal operations
[Wed Nov 22 02:09:44.640231 2023] [mpm_winnt:notice] [pid 6812:tid 400] AH00456: Apache Lounge VS16 Server built: Mar  7 2023 13:21:03
[Wed Nov 22 02:09:44.640231 2023] [core:notice] [pid 6812:tid 400] AH00094: Command line: 'c:\\users\\poweruser\\documents\\github\\nchu-database-project\\xampp\\apache\\bin\\httpd.exe -d C:/Users/PowerUser/Documents/GitHub/NCHU-database-project/xampp/apache'
[Wed Nov 22 02:09:44.643494 2023] [mpm_winnt:notice] [pid 6812:tid 400] AH00418: Parent: Created child process 14732
[Wed Nov 22 02:09:45.048531 2023] [ssl:warn] [pid 14732:tid 428] AH01909: www.example.com:443:0 server certificate does NOT include an ID which matches the server name
[Wed Nov 22 02:09:45.102068 2023] [ssl:warn] [pid 14732:tid 428] AH01909: www.example.com:443:0 server certificate does NOT include an ID which matches the server name
[Wed Nov 22 02:09:45.147945 2023] [mpm_winnt:notice] [pid 14732:tid 428] AH00354: Child: Starting 150 worker threads.
=======
[Wed Nov 22 01:10:15.437228 2023] [ssl:warn] [pid 17096:tid 360] AH01909: www.example.com:443:0 server certificate does NOT include an ID which matches the server name
[Wed Nov 22 01:10:15.504435 2023] [core:warn] [pid 17096:tid 360] AH00098: pid file D:/github_repository/NCHU-database-project/xampp/apache/logs/httpd.pid overwritten -- Unclean shutdown of previous Apache run?
[Wed Nov 22 01:10:15.524049 2023] [ssl:warn] [pid 17096:tid 360] AH01909: www.example.com:443:0 server certificate does NOT include an ID which matches the server name
[Wed Nov 22 01:10:15.584350 2023] [mpm_winnt:notice] [pid 17096:tid 360] AH00455: Apache/2.4.56 (Win64) OpenSSL/1.1.1t PHP/8.1.17 configured -- resuming normal operations
[Wed Nov 22 01:10:15.584350 2023] [mpm_winnt:notice] [pid 17096:tid 360] AH00456: Apache Lounge VS16 Server built: Mar  7 2023 13:21:03
[Wed Nov 22 01:10:15.584350 2023] [core:notice] [pid 17096:tid 360] AH00094: Command line: 'd:\\github_repository\\nchu-database-project\\xampp\\apache\\bin\\httpd.exe -d D:/github_repository/NCHU-database-project/xampp/apache'
[Wed Nov 22 01:10:15.594500 2023] [mpm_winnt:notice] [pid 17096:tid 360] AH00418: Parent: Created child process 12984
[Wed Nov 22 01:10:16.360872 2023] [ssl:warn] [pid 12984:tid 404] AH01909: www.example.com:443:0 server certificate does NOT include an ID which matches the server name
[Wed Nov 22 01:10:16.483318 2023] [ssl:warn] [pid 12984:tid 404] AH01909: www.example.com:443:0 server certificate does NOT include an ID which matches the server name
[Wed Nov 22 01:10:16.624257 2023] [mpm_winnt:notice] [pid 12984:tid 404] AH00354: Child: Starting 150 worker threads.
[Wed Nov 22 01:17:35.440197 2023] [ssl:warn] [pid 18420:tid 356] AH01909: www.example.com:443:0 server certificate does NOT include an ID which matches the server name
[Wed Nov 22 01:17:35.504548 2023] [core:warn] [pid 18420:tid 356] AH00098: pid file D:/github_repository/NCHU-database-project/xampp/apache/logs/httpd.pid overwritten -- Unclean shutdown of previous Apache run?
[Wed Nov 22 01:17:35.504548 2023] [ssl:warn] [pid 18420:tid 356] AH01909: www.example.com:443:0 server certificate does NOT include an ID which matches the server name
[Wed Nov 22 01:17:35.554335 2023] [mpm_winnt:notice] [pid 18420:tid 356] AH00455: Apache/2.4.56 (Win64) OpenSSL/1.1.1t PHP/8.1.17 configured -- resuming normal operations
[Wed Nov 22 01:17:35.554335 2023] [mpm_winnt:notice] [pid 18420:tid 356] AH00456: Apache Lounge VS16 Server built: Mar  7 2023 13:21:03
[Wed Nov 22 01:17:35.554335 2023] [core:notice] [pid 18420:tid 356] AH00094: Command line: 'd:\\github_repository\\nchu-database-project\\xampp\\apache\\bin\\httpd.exe -d D:/github_repository/NCHU-database-project/xampp/apache'
[Wed Nov 22 01:17:35.554335 2023] [mpm_winnt:notice] [pid 18420:tid 356] AH00418: Parent: Created child process 14332
[Wed Nov 22 01:17:36.494123 2023] [ssl:warn] [pid 14332:tid 364] AH01909: www.example.com:443:0 server certificate does NOT include an ID which matches the server name
[Wed Nov 22 01:17:36.594171 2023] [ssl:warn] [pid 14332:tid 364] AH01909: www.example.com:443:0 server certificate does NOT include an ID which matches the server name
[Wed Nov 22 01:17:36.704175 2023] [mpm_winnt:notice] [pid 14332:tid 364] AH00354: Child: Starting 150 worker threads.
[Wed Nov 22 01:52:46.042854 2023] [php:error] [pid 14332:tid 1900] [client ::1:13119] PHP Fatal error:  Uncaught mysqli_sql_exception: Access denied for user 'admin'@'localhost' (using password: YES) in D:\\github_repository\\NCHU-database-project\\xampp\\htdocs\\homepage\\assets\\php\\createAccount.php:26\nStack trace:\n#0 D:\\github_repository\\NCHU-database-project\\xampp\\htdocs\\homepage\\assets\\php\\createAccount.php(26): mysqli->__construct('localhost', 'admin', 'admin', 'admin')\n#1 {main}\n  thrown in D:\\github_repository\\NCHU-database-project\\xampp\\htdocs\\homepage\\assets\\php\\createAccount.php on line 26, referer: http://localhost/homepage/index2.html?
>>>>>>> Stashed changes
[Wed Nov 22 11:25:11.314695 2023] [ssl:warn] [pid 24700:tid 400] AH01909: www.example.com:443:0 server certificate does NOT include an ID which matches the server name
[Wed Nov 22 11:25:11.445946 2023] [core:warn] [pid 24700:tid 400] AH00098: pid file D:/github_repository/NCHU-database-project/xampp/apache/logs/httpd.pid overwritten -- Unclean shutdown of previous Apache run?
[Wed Nov 22 11:25:11.450945 2023] [ssl:warn] [pid 24700:tid 400] AH01909: www.example.com:443:0 server certificate does NOT include an ID which matches the server name
[Wed Nov 22 11:25:12.375440 2023] [mpm_winnt:notice] [pid 24700:tid 400] AH00455: Apache/2.4.56 (Win64) OpenSSL/1.1.1t PHP/8.1.17 configured -- resuming normal operations
[Wed Nov 22 11:25:12.375440 2023] [mpm_winnt:notice] [pid 24700:tid 400] AH00456: Apache Lounge VS16 Server built: Mar  7 2023 13:21:03
[Wed Nov 22 11:25:12.375440 2023] [core:notice] [pid 24700:tid 400] AH00094: Command line: 'd:\\github_repository\\nchu-database-project\\xampp\\apache\\bin\\httpd.exe -d D:/github_repository/NCHU-database-project/xampp/apache'
[Wed Nov 22 11:25:12.411758 2023] [mpm_winnt:notice] [pid 24700:tid 400] AH00418: Parent: Created child process 17540
[Wed Nov 22 11:25:13.137648 2023] [ssl:warn] [pid 17540:tid 348] AH01909: www.example.com:443:0 server certificate does NOT include an ID which matches the server name
[Wed Nov 22 11:25:13.209176 2023] [ssl:warn] [pid 17540:tid 348] AH01909: www.example.com:443:0 server certificate does NOT include an ID which matches the server name
[Wed Nov 22 11:25:13.270327 2023] [mpm_winnt:notice] [pid 17540:tid 348] AH00354: Child: Starting 150 worker threads.
[Wed Nov 22 11:30:14.604418 2023] [ssl:warn] [pid 14048:tid 388] AH01909: www.example.com:443:0 server certificate does NOT include an ID which matches the server name
[Wed Nov 22 11:30:14.806313 2023] [core:warn] [pid 14048:tid 388] AH00098: pid file D:/github_repository/NCHU-database-project/xampp/apache/logs/httpd.pid overwritten -- Unclean shutdown of previous Apache run?
[Wed Nov 22 11:30:14.813313 2023] [ssl:warn] [pid 14048:tid 388] AH01909: www.example.com:443:0 server certificate does NOT include an ID which matches the server name
[Wed Nov 22 11:30:14.919039 2023] [mpm_winnt:notice] [pid 14048:tid 388] AH00455: Apache/2.4.56 (Win64) OpenSSL/1.1.1t PHP/8.1.17 configured -- resuming normal operations
[Wed Nov 22 11:30:14.919039 2023] [mpm_winnt:notice] [pid 14048:tid 388] AH00456: Apache Lounge VS16 Server built: Mar  7 2023 13:21:03
[Wed Nov 22 11:30:14.919039 2023] [core:notice] [pid 14048:tid 388] AH00094: Command line: 'd:\\github_repository\\nchu-database-project\\xampp\\apache\\bin\\httpd.exe -d D:/github_repository/NCHU-database-project/xampp/apache'
[Wed Nov 22 11:30:14.927630 2023] [mpm_winnt:notice] [pid 14048:tid 388] AH00418: Parent: Created child process 26064
[Wed Nov 22 11:30:15.746655 2023] [ssl:warn] [pid 26064:tid 344] AH01909: www.example.com:443:0 server certificate does NOT include an ID which matches the server name
[Wed Nov 22 11:30:15.818680 2023] [ssl:warn] [pid 26064:tid 344] AH01909: www.example.com:443:0 server certificate does NOT include an ID which matches the server name
[Wed Nov 22 11:30:15.867597 2023] [mpm_winnt:notice] [pid 26064:tid 344] AH00354: Child: Starting 150 worker threads.
[Wed Nov 22 15:43:43.646525 2023] [ssl:warn] [pid 12236:tid 436] AH01909: www.example.com:443:0 server certificate does NOT include an ID which matches the server name
[Wed Nov 22 15:43:43.684279 2023] [core:warn] [pid 12236:tid 436] AH00098: pid file C:/Users/richa/Documents/GitHub/NCHU-database-project/xampp/apache/logs/httpd.pid overwritten -- Unclean shutdown of previous Apache run?
[Wed Nov 22 15:43:43.699901 2023] [ssl:warn] [pid 12236:tid 436] AH01909: www.example.com:443:0 server certificate does NOT include an ID which matches the server name
[Wed Nov 22 15:43:43.916005 2023] [mpm_winnt:notice] [pid 12236:tid 436] AH00455: Apache/2.4.56 (Win64) OpenSSL/1.1.1t PHP/8.1.17 configured -- resuming normal operations
[Wed Nov 22 15:43:43.916005 2023] [mpm_winnt:notice] [pid 12236:tid 436] AH00456: Apache Lounge VS16 Server built: Mar  7 2023 13:21:03
[Wed Nov 22 15:43:43.916005 2023] [core:notice] [pid 12236:tid 436] AH00094: Command line: 'c:\\users\\richa\\documents\\github\\nchu-database-project\\xampp\\apache\\bin\\httpd.exe -d C:/Users/richa/Documents/GitHub/NCHU-database-project/xampp/apache'
[Wed Nov 22 15:43:43.916005 2023] [mpm_winnt:notice] [pid 12236:tid 436] AH00418: Parent: Created child process 1528
[Wed Nov 22 15:43:44.464121 2023] [ssl:warn] [pid 1528:tid 464] AH01909: www.example.com:443:0 server certificate does NOT include an ID which matches the server name
[Wed Nov 22 15:43:44.501913 2023] [ssl:warn] [pid 1528:tid 464] AH01909: www.example.com:443:0 server certificate does NOT include an ID which matches the server name
[Wed Nov 22 15:43:44.533155 2023] [mpm_winnt:notice] [pid 1528:tid 464] AH00354: Child: Starting 150 worker threads.
[Wed Nov 22 15:50:32.532454 2023] [ssl:warn] [pid 7604:tid 452] AH01909: www.example.com:443:0 server certificate does NOT include an ID which matches the server name
[Wed Nov 22 15:50:32.580457 2023] [core:warn] [pid 7604:tid 452] AH00098: pid file C:/Users/richa/Documents/GitHub/NCHU-database-project/xampp/apache/logs/httpd.pid overwritten -- Unclean shutdown of previous Apache run?
[Wed Nov 22 15:50:32.580457 2023] [ssl:warn] [pid 7604:tid 452] AH01909: www.example.com:443:0 server certificate does NOT include an ID which matches the server name
[Wed Nov 22 15:50:32.632375 2023] [mpm_winnt:notice] [pid 7604:tid 452] AH00455: Apache/2.4.56 (Win64) OpenSSL/1.1.1t PHP/8.1.17 configured -- resuming normal operations
[Wed Nov 22 15:50:32.632375 2023] [mpm_winnt:notice] [pid 7604:tid 452] AH00456: Apache Lounge VS16 Server built: Mar  7 2023 13:21:03
[Wed Nov 22 15:50:32.632375 2023] [core:notice] [pid 7604:tid 452] AH00094: Command line: 'c:\\users\\richa\\documents\\github\\nchu-database-project\\xampp\\apache\\bin\\httpd.exe -d C:/Users/richa/Documents/GitHub/NCHU-database-project/xampp/apache'
[Wed Nov 22 15:50:32.632375 2023] [mpm_winnt:notice] [pid 7604:tid 452] AH00418: Parent: Created child process 10820
[Wed Nov 22 15:50:33.260138 2023] [ssl:warn] [pid 10820:tid 444] AH01909: www.example.com:443:0 server certificate does NOT include an ID which matches the server name
[Wed Nov 22 15:50:33.302894 2023] [ssl:warn] [pid 10820:tid 444] AH01909: www.example.com:443:0 server certificate does NOT include an ID which matches the server name
[Wed Nov 22 15:50:33.365386 2023] [mpm_winnt:notice] [pid 10820:tid 444] AH00354: Child: Starting 150 worker threads.
[Wed Nov 22 16:13:38.494240 2023] [ssl:warn] [pid 21396:tid 388] AH01909: www.example.com:443:0 server certificate does NOT include an ID which matches the server name
[Wed Nov 22 16:13:38.635237 2023] [core:warn] [pid 21396:tid 388] AH00098: pid file C:/Users/ASUS PRO/Documents/GitHub/NCHU-database-project/xampp/apache/logs/httpd.pid overwritten -- Unclean shutdown of previous Apache run?
[Wed Nov 22 16:13:38.635237 2023] [ssl:warn] [pid 21396:tid 388] AH01909: www.example.com:443:0 server certificate does NOT include an ID which matches the server name
[Wed Nov 22 16:13:39.434727 2023] [mpm_winnt:notice] [pid 21396:tid 388] AH00455: Apache/2.4.56 (Win64) OpenSSL/1.1.1t PHP/8.1.17 configured -- resuming normal operations
[Wed Nov 22 16:13:39.434727 2023] [mpm_winnt:notice] [pid 21396:tid 388] AH00456: Apache Lounge VS16 Server built: Mar  7 2023 13:21:03
[Wed Nov 22 16:13:39.434727 2023] [core:notice] [pid 21396:tid 388] AH00094: Command line: 'c:\\users\\asus pro\\documents\\github\\nchu-database-project\\xampp\\apache\\bin\\httpd.exe -d C:/Users/ASUS PRO/Documents/GitHub/NCHU-database-project/xampp/apache'
[Wed Nov 22 16:13:39.450348 2023] [mpm_winnt:notice] [pid 21396:tid 388] AH00418: Parent: Created child process 2312
[Wed Nov 22 16:13:40.485894 2023] [ssl:warn] [pid 2312:tid 392] AH01909: www.example.com:443:0 server certificate does NOT include an ID which matches the server name
[Wed Nov 22 16:13:40.564005 2023] [ssl:warn] [pid 2312:tid 392] AH01909: www.example.com:443:0 server certificate does NOT include an ID which matches the server name
[Wed Nov 22 16:13:40.642513 2023] [mpm_winnt:notice] [pid 2312:tid 392] AH00354: Child: Starting 150 worker threads.
[Wed Nov 22 16:14:20.888037 2023] [ssl:warn] [pid 23000:tid 388] AH01909: www.example.com:443:0 server certificate does NOT include an ID which matches the server name
[Wed Nov 22 16:14:20.942955 2023] [core:warn] [pid 23000:tid 388] AH00098: pid file C:/Users/ASUS PRO/Documents/GitHub/NCHU-database-project/xampp/apache/logs/httpd.pid overwritten -- Unclean shutdown of previous Apache run?
[Wed Nov 22 16:14:20.942955 2023] [ssl:warn] [pid 23000:tid 388] AH01909: www.example.com:443:0 server certificate does NOT include an ID which matches the server name
[Wed Nov 22 16:14:20.997887 2023] [mpm_winnt:notice] [pid 23000:tid 388] AH00455: Apache/2.4.56 (Win64) OpenSSL/1.1.1t PHP/8.1.17 configured -- resuming normal operations
[Wed Nov 22 16:14:20.997887 2023] [mpm_winnt:notice] [pid 23000:tid 388] AH00456: Apache Lounge VS16 Server built: Mar  7 2023 13:21:03
[Wed Nov 22 16:14:20.997887 2023] [core:notice] [pid 23000:tid 388] AH00094: Command line: 'c:\\users\\asus pro\\documents\\github\\nchu-database-project\\xampp\\apache\\bin\\httpd.exe -d C:/Users/ASUS PRO/Documents/GitHub/NCHU-database-project/xampp/apache'
[Wed Nov 22 16:14:21.013614 2023] [mpm_winnt:notice] [pid 23000:tid 388] AH00418: Parent: Created child process 10012
[Wed Nov 22 16:14:21.672628 2023] [ssl:warn] [pid 10012:tid 392] AH01909: www.example.com:443:0 server certificate does NOT include an ID which matches the server name
[Wed Nov 22 16:14:21.719491 2023] [ssl:warn] [pid 10012:tid 392] AH01909: www.example.com:443:0 server certificate does NOT include an ID which matches the server name
[Wed Nov 22 16:14:21.766777 2023] [mpm_winnt:notice] [pid 10012:tid 392] AH00354: Child: Starting 150 worker threads.
